 * Serving Flask app "flask_server" (lazy loading)
 * Environment: development
 * Debug mode: on
 * Running on http://localhost:5003/ (Press CTRL+C to quit)
 * Restarting with stat
 * Debugger is active!
 * Debugger PIN: 118-442-041
127.0.0.1 - - [11/May/2021 12:56:30] "[37mPOST /connect_node HTTP/1.1[0m" 201 -
 * Detected change in '/home/zack/Scripts/Blockchain/Blockchain A-Z/Blockchain_Flask_Server/routes/ReplaceChain.py', reloading
 * Restarting with stat
 * Debugger is active!
 * Debugger PIN: 118-442-041
127.0.0.1 - - [11/May/2021 14:00:30] "[37mGET /get_chain HTTP/1.1[0m" 200 -
 * Detected change in '/home/zack/Scripts/Blockchain/Blockchain A-Z/Blockchain_Flask_Server/BlockchainModule/ZCash.py', reloading
 * Restarting with stat
 * Debugger is active!
 * Debugger PIN: 118-442-041
 * Detected change in '/home/zack/Scripts/Blockchain/Blockchain A-Z/Blockchain_Flask_Server/BlockchainModule/ZCash.py', reloading
 * Restarting with stat
 * Debugger is active!
 * Debugger PIN: 118-442-041
 * Detected change in '/home/zack/Scripts/Blockchain/Blockchain A-Z/Blockchain_Flask_Server/BlockchainModule/ZCash.py', reloading
 * Restarting with stat
 * Debugger is active!
 * Debugger PIN: 118-442-041
 * Detected change in '/home/zack/Scripts/Blockchain/Blockchain A-Z/Blockchain_Flask_Server/BlockchainModule/ZCash.py', reloading
 * Restarting with stat
 * Debugger is active!
 * Debugger PIN: 118-442-041
 * Detected change in '/home/zack/Scripts/Blockchain/Blockchain A-Z/Blockchain_Flask_Server/BlockchainModule/ZCash.py', reloading
 * Restarting with stat
 * Debugger is active!
 * Debugger PIN: 118-442-041
 * Detected change in '/home/zack/Scripts/Blockchain/Blockchain A-Z/Blockchain_Flask_Server/BlockchainModule/ZCash.py', reloading
 * Restarting with stat
 * Debugger is active!
 * Debugger PIN: 118-442-041
 * Detected change in '/home/zack/Scripts/Blockchain/Blockchain A-Z/Blockchain_Flask_Server/BlockchainModule/ZCash.py', reloading
 * Restarting with stat
 * Debugger is active!
 * Debugger PIN: 118-442-041
 * Detected change in '/home/zack/Scripts/Blockchain/Blockchain A-Z/Blockchain_Flask_Server/BlockchainModule/ZCash.py', reloading
 * Restarting with stat
 * Debugger is active!
 * Debugger PIN: 118-442-041
 * Detected change in '/home/zack/Scripts/Blockchain/Blockchain A-Z/Blockchain_Flask_Server/BlockchainModule/ZCash.py', reloading
 * Restarting with stat
 * Debugger is active!
 * Debugger PIN: 118-442-041
 * Detected change in '/home/zack/Scripts/Blockchain/Blockchain A-Z/Blockchain_Flask_Server/BlockchainModule/ZCash.py', reloading
 * Restarting with stat
 * Debugger is active!
 * Debugger PIN: 118-442-041
 * Detected change in '/home/zack/Scripts/Blockchain/Blockchain A-Z/Blockchain_Flask_Server/BlockchainModule/ZCash.py', reloading
 * Restarting with stat
 * Debugger is active!
 * Debugger PIN: 118-442-041
127.0.0.1 - - [11/May/2021 14:13:00] "[37mGET /get_chain HTTP/1.1[0m" 200 -
127.0.0.1 - - [11/May/2021 14:13:03] "[37mGET /get_chain HTTP/1.1[0m" 200 -
127.0.0.1 - - [11/May/2021 14:13:59] "[37mPOST /connect_node HTTP/1.1[0m" 201 -
127.0.0.1 - - [11/May/2021 14:14:06] "[37mGET /get_chain HTTP/1.1[0m" 200 -
127.0.0.1 - - [11/May/2021 14:14:15] "[37mGET /get_chain HTTP/1.1[0m" 200 -
 * Detected change in '/home/zack/Scripts/Blockchain/Blockchain A-Z/Blockchain_Flask_Server/BlockchainModule/ZCash.py', reloading
 * Restarting with stat
 * Debugger is active!
 * Debugger PIN: 118-442-041
127.0.0.1 - - [11/May/2021 14:14:45] "[37mPOST /connect_node HTTP/1.1[0m" 201 -
127.0.0.1 - - [11/May/2021 14:14:57] "[37mGET /get_chain HTTP/1.1[0m" 200 -
127.0.0.1 - - [11/May/2021 14:19:09] "[37mGET /replace_chain HTTP/1.1[0m" 200 -
127.0.0.1 - - [11/May/2021 14:21:22] "[37mGET /get_chain HTTP/1.1[0m" 200 -
127.0.0.1 - - [11/May/2021 14:21:51] "[37mGET /replace_chain HTTP/1.1[0m" 200 -
127.0.0.1 - - [11/May/2021 14:22:13] "[37mGET /get_chain HTTP/1.1[0m" 200 -
